0 info it worked if it ends with ok
1 verbose cli [ '/usr/local/bin/node', '/usr/local/bin/npm', 'run', 'dev' ]
2 info using npm@3.10.3
3 info using node@v6.6.0
4 verbose run-script [ 'predev', 'dev', 'postdev' ]
5 info lifecycle jekyll-starter@1.0.0~predev: jekyll-starter@1.0.0
6 silly lifecycle jekyll-starter@1.0.0~predev: no script for predev, continuing
7 info lifecycle jekyll-starter@1.0.0~dev: jekyll-starter@1.0.0
8 verbose lifecycle jekyll-starter@1.0.0~dev: unsafe-perm in lifecycle true
9 verbose lifecycle jekyll-starter@1.0.0~dev: PATH: /usr/local/lib/node_modules/npm/bin/node-gyp-bin:/Users/quentin/Dev/jekyll-starter-kit/node_modules/.bin:/usr/local/bin:/usr/local/bin:/usr/bin:/bin:/usr/sbin:/sbin:/opt/local/bin
10 verbose lifecycle jekyll-starter@1.0.0~dev: CWD: /Users/quentin/Dev/jekyll-starter-kit
11 silly lifecycle jekyll-starter@1.0.0~dev: Args: [ '-c',
11 silly lifecycle   'concurrently \'./node_modules/webpack-dev-server/bin/webpack-dev-server.js --inline --host=0.0.0.0\' \'JEKYLL_ENV=development jekyll serve --watch\'' ]
12 info lifecycle jekyll-starter@1.0.0~dev: Failed to exec dev script
13 verbose stack Error: jekyll-starter@1.0.0 dev: `concurrently './node_modules/webpack-dev-server/bin/webpack-dev-server.js --inline --host=0.0.0.0' 'JEKYLL_ENV=development jekyll serve --watch'`
13 verbose stack spawn ENOENT
13 verbose stack     at ChildProcess.<anonymous> (/usr/local/lib/node_modules/npm/lib/utils/spawn.js:33:16)
13 verbose stack     at emitTwo (events.js:106:13)
13 verbose stack     at ChildProcess.emit (events.js:191:7)
13 verbose stack     at maybeClose (internal/child_process.js:877:16)
13 verbose stack     at Process.ChildProcess._handle.onexit (internal/child_process.js:226:5)
14 verbose pkgid jekyll-starter@1.0.0
15 verbose cwd /Users/quentin/Dev/jekyll-starter-kit
16 error Darwin 16.1.0
17 error argv "/usr/local/bin/node" "/usr/local/bin/npm" "run" "dev"
18 error node v6.6.0
19 error npm  v3.10.3
20 error file sh
21 error code ELIFECYCLE
22 error errno ENOENT
23 error syscall spawn
24 error jekyll-starter@1.0.0 dev: `concurrently './node_modules/webpack-dev-server/bin/webpack-dev-server.js --inline --host=0.0.0.0' 'JEKYLL_ENV=development jekyll serve --watch'`
24 error spawn ENOENT
25 error Failed at the jekyll-starter@1.0.0 dev script 'concurrently './node_modules/webpack-dev-server/bin/webpack-dev-server.js --inline --host=0.0.0.0' 'JEKYLL_ENV=development jekyll serve --watch''.
25 error Make sure you have the latest version of node.js and npm installed.
25 error If you do, this is most likely a problem with the jekyll-starter package,
25 error not with npm itself.
25 error Tell the author that this fails on your system:
25 error     concurrently './node_modules/webpack-dev-server/bin/webpack-dev-server.js --inline --host=0.0.0.0' 'JEKYLL_ENV=development jekyll serve --watch'
25 error You can get information on how to open an issue for this project with:
25 error     npm bugs jekyll-starter
25 error Or if that isn't available, you can get their info via:
25 error     npm owner ls jekyll-starter
25 error There is likely additional logging output above.
26 verbose exit [ 1, true ]
